<?xml version="1.0" encoding="UTF-8"?>
<!-- Generated by org.testng.reporters.JUnitXMLReporter -->
<testsuite ignored="3" hostname="MBP-Artem" failures="0" tests="1" name="Surefire test" time="1.477" errors="0" timestamp="2022-08-16T21:27:00 MSK">
  <testcase classname="ApiGetAllRoles.GetAllRolesTest" name="getAllRoles_SC" time="0.215"/>
  <testcase classname="ApiLoginTest.userSearchTest" name="getUserByName" time="0.0">
    <ignored/>
  </testcase> <!-- getUserByName -->
  <testcase classname="ApiGetAllRoles.TestBase" name="@BeforeTest login" time="0.0">
    <ignored/>
  </testcase> <!-- @BeforeTest login -->
  <testcase classname="ApiGetAllRoles.TestBase" name="@AfterTest logout" time="0.0">
    <ignored/>
  </testcase> <!-- @AfterTest logout -->
</testsuite> <!-- Surefire test -->
