<?xml version="1.0" encoding="UTF-8"?>
<testng-results ignored="0" total="1" passed="1" failed="0" skipped="0">
  <reporter-output>
  </reporter-output>
  <suite started-at="2022-08-11T22:21:56 MSK" name="Surefire suite" finished-at="2022-08-11T22:21:57 MSK" duration-ms="1395">
    <groups>
    </groups>
    <test started-at="2022-08-11T22:21:56 MSK" name="Surefire test" finished-at="2022-08-11T22:21:57 MSK" duration-ms="1395">
      <class name="ApiLoginTest.userSearchTest">
        <test-method signature="getUserByName()[pri:0, instance:ApiLoginTest.userSearchTest@646007f4]" started-at="2022-08-11T22:21:56 MSK" name="getUserByName" description="Тест на получение ответа: 200 ОК" finished-at="2022-08-11T22:21:57 MSK" duration-ms="1383" status="PASS">
          <reporter-output>
          </reporter-output>
        </test-method> <!-- getUserByName -->
      </class> <!-- ApiLoginTest.userSearchTest -->
    </test> <!-- Surefire test -->
  </suite> <!-- Surefire suite -->
</testng-results>
